<?xml version="1.0" encoding="UTF-8"?>
<!-- Generated by org.testng.reporters.JUnitReportReporter -->
<testsuite hostname="LAPTOP-38ED4DO3" failures="0" tests="1" name="appium.TestUpdate" time="1.587" errors="0" timestamp="2022-09-26T12:32:38 ICT" skipped="0">
  <testcase classname="appium.TestUpdate" name="f" time="1.587"/>
  <system-out/>
</testsuite> <!-- appium.TestUpdate -->
